[GIN-debug] [WARNING] Running in "debug" mode. Switch to "release" mode in production.
 - using env:	export GIN_MODE=release
 - using code:	gin.SetMode(gin.ReleaseMode)

[GIN-debug] GET    /                         --> main.main.func1 (3 handlers)
[GIN-debug] GET    /css/*filepath            --> github.com/gin-gonic/gin.(*RouterGroup).createStaticHandler.func1 (3 handlers)
[GIN-debug] HEAD   /css/*filepath            --> github.com/gin-gonic/gin.(*RouterGroup).createStaticHandler.func1 (3 handlers)
[GIN-debug] Loaded HTML Templates (4): 
	- 
	- footer.html
	- header.html
	- index.html

[GIN-debug] POST   /login                    --> main.main.func2 (3 handlers)
[GIN-debug] GET    /api/video                --> main.main.func3 (5 handlers)
[GIN-debug] POST   /api/video                --> main.main.func4 (5 handlers)
[GIN-debug] GET    /view/videos              --> go_gin_pragmatic/controller.VideoController.ShowAll-fm (3 handlers)
[GIN-debug] [WARNING] You trusted all proxies, this is NOT safe. We recommend you to set a value.
Please check https://pkg.go.dev/github.com/gin-gonic/gin#readme-don-t-trust-all-proxies for details.
[GIN-debug] Listening and serving HTTP on :8000
::1 - [03 May 22 13:32 +07] POST /api/video 200 3.1038ms 
::1 - [03 May 22 13:32 +07] GET /api/video 200 1.8801ms 
::1 - [03 May 22 13:33 +07] POST /login 200 1.0642ms 
::1 - [03 May 22 13:33 +07] GET /api/video 401 3.2553ms 
::1 - [03 May 22 13:33 +07] POST /api/video 401 678.8µs 
::1 - [03 May 22 13:34 +07] POST /api/video 401 1.1328ms 
::1 - [03 May 22 13:34 +07] POST /api/video 401 801.5µs 
::1 - [03 May 22 13:35 +07] POST /api/video 401 1.1501ms 
